<?xml version="1.0" encoding="UTF-8"?>
<!-- Generated by org.testng.reporters.JUnitReportReporter -->
<testsuite hostname="DESKTOP-L6LVCVJ" failures="0" tests="3" name="com.qa.tests.TestNGTestsClass" time="0.019" errors="0" timestamp="2021-01-29T23:25:39 PST" skipped="0">
  <testcase classname="com.qa.tests.TestNGTestsClass" name="sub" time="0.002"/>
  <system-out/>
  <testcase classname="com.qa.tests.TestNGTestsClass" name="div" time="0.015"/>
  <system-out/>
  <testcase classname="com.qa.tests.TestNGTestsClass" name="sum" time="0.002"/>
  <system-out/>
</testsuite> <!-- com.qa.tests.TestNGTestsClass -->
